<?xml version="1.0" encoding="UTF-8"?>
<!-- Generated by org.testng.reporters.JUnitReportReporter -->
<testsuite skipped="0" hostname="yokga31" name="lmxscripts.BusinessFlow2" tests="1" failures="0" timestamp="27 Dec 2020 15:41:49 GMT" time="82.332" errors="0">
  <testcase name="Businessflow2" time="82.332" classname="lmxscripts.BusinessFlow2"/>
</testsuite> <!-- lmxscripts.BusinessFlow2 -->
