<?xml version="1.0" encoding="UTF-8"?>
<!-- Generated by org.testng.reporters.JUnitReportReporter -->
<testsuite skipped="0" hostname="yokga31" name="lmxscripts.Preferences" tests="1" failures="0" timestamp="27 Dec 2020 15:41:49 GMT" time="28.918" errors="0">
  <testcase name="SmokeTest1" time="28.918" classname="lmxscripts.Preferences"/>
</testsuite> <!-- lmxscripts.Preferences -->
