<?xml version="1.0" encoding="UTF-8"?>
<!-- Generated by org.testng.reporters.JUnitReportReporter -->
<testsuite skipped="0" hostname="yokga31" name="lmxscripts.SmokeTest1" tests="1" failures="0" timestamp="27 Dec 2020 15:41:49 GMT" time="36.316" errors="0">
  <testcase name="SmokeTest1" time="36.316" classname="lmxscripts.SmokeTest1"/>
</testsuite> <!-- lmxscripts.SmokeTest1 -->
