<?xml version="1.0" encoding="UTF-8"?>
<!-- Generated by org.testng.reporters.JUnitReportReporter -->
<testsuite skipped="0" hostname="yokga31" name="lmxscripts.Proposal" tests="1" failures="0" timestamp="27 Dec 2020 15:41:49 GMT" time="25.380" errors="0">
  <testcase name="Businessflow2" time="25.380" classname="lmxscripts.Proposal"/>
</testsuite> <!-- lmxscripts.Proposal -->
