<?xml version="1.0" encoding="UTF-8"?>
<!-- Generated by org.testng.reporters.JUnitReportReporter -->
<testsuite skipped="0" hostname="yokga31" name="lmxscripts.Smoketest" tests="1" failures="0" timestamp="27 Dec 2020 15:41:49 GMT" time="47.222" errors="0">
  <testcase name="Businessflow1" time="47.222" classname="lmxscripts.Smoketest"/>
</testsuite> <!-- lmxscripts.Smoketest -->
