<?xml version="1.0" encoding="UTF-8"?>
<!-- Generated by org.testng.reporters.JUnitReportReporter -->
<testsuite skipped="0" hostname="yokga31" name="lmxscripts.BusinessFlow1" tests="1" failures="0" timestamp="27 Dec 2020 15:41:49 GMT" time="29.862" errors="0">
  <testcase name="Businessflow1" time="29.862" classname="lmxscripts.BusinessFlow1"/>
</testsuite> <!-- lmxscripts.BusinessFlow1 -->
